0 verbose cli /Users/zhangpeiwen/.nvm/versions/node/v22.1.0/bin/node /Users/zhangpeiwen/.nvm/versions/node/v22.1.0/lib/node_modules/npm/bin/npm-cli.js
1 info using npm@10.7.0
2 info using node@v22.1.0
3 silly config:load:file:/Users/zhangpeiwen/.nvm/versions/node/v22.1.0/lib/node_modules/npm/npmrc
4 silly config:load:file:/Users/zhangpeiwen/vote-book-2025/.npmrc
5 silly config:load:file:/Users/zhangpeiwen/.npmrc
6 silly config:load:file:/Users/zhangpeiwen/.nvm/versions/node/v22.1.0/etc/npmrc
7 verbose title npm exec create-next-app@latest vote --yes
8 verbose argv "exec" "--" "create-next-app@latest" "vote" "--yes"
9 verbose logfile logs-max:10 dir:/Users/zhangpeiwen/vote-book-2025/.npm_cache/_logs/2025-09-13T06_01_47_849Z-
10 verbose logfile /Users/zhangpeiwen/vote-book-2025/.npm_cache/_logs/2025-09-13T06_01_47_849Z-debug-0.log
11 silly logfile done cleaning log files
12 http fetch GET 200 https://registry.npmmirror.com/npm 195ms
13 http fetch GET 200 https://registry.npmmirror.com/create-next-app 257ms (cache miss)
14 silly idealTree buildDeps
15 silly fetch manifest create-next-app@15.5.3
16 http fetch GET 200 https://registry.npmmirror.com/create-next-app 211ms (cache miss)
17 silly placeDep ROOT create-next-app@15.5.3 OK for:  want: 15.5.3
18 silly reify moves {}
19 silly audit bulk request { 'create-next-app': [ '15.5.3' ] }
20 silly tarball no local data for create-next-app@https://registry.npmmirror.com/create-next-app/-/create-next-app-15.5.3.tgz. Extracting by manifest.
21 http fetch POST 404 https://registry.npmmirror.com/-/npm/v1/security/advisories/bulk 21ms (cache skip)
22 silly audit bulk request failed [object Object]
23 http fetch POST 404 https://registry.npmmirror.com/-/npm/v1/security/audits/quick 24ms (cache skip)
24 verbose audit error HttpErrorGeneral: 404 Not Found - POST https://registry.npmmirror.com/-/npm/v1/security/audits/quick - [NOT_IMPLEMENTED] /-/npm/v1/security/* not implemented yet
24 verbose audit error     at /Users/zhangpeiwen/.nvm/versions/node/v22.1.0/lib/node_modules/npm/node_modules/npm-registry-fetch/lib/check-response.js:95:15
24 verbose audit error     at process.processTicksAndRejections (node:internal/process/task_queues:95:5)
24 verbose audit error     at async [getReport] (/Users/zhangpeiwen/.nvm/versions/node/v22.1.0/lib/node_modules/npm/node_modules/@npmcli/arborist/lib/audit-report.js:336:21)
24 verbose audit error     at async AuditReport.run (/Users/zhangpeiwen/.nvm/versions/node/v22.1.0/lib/node_modules/npm/node_modules/@npmcli/arborist/lib/audit-report.js:106:19) {
24 verbose audit error   headers: [Object: null prototype] {
24 verbose audit error     server: [ 'Tengine' ],
24 verbose audit error     date: [ 'Sat, 13 Sep 2025 06:01:52 GMT' ],
24 verbose audit error     'content-type': [ 'application/json' ],
24 verbose audit error     'transfer-encoding': [ 'chunked' ],
24 verbose audit error     connection: [ 'keep-alive' ],
24 verbose audit error     'strict-transport-security': [ 'max-age=5184000' ],
24 verbose audit error     via: [ 'kunlun1.cn8360[,404666]' ],
24 verbose audit error     'timing-allow-origin': [ '*' ],
24 verbose audit error     eagleid: [ 'ab2ba99517577433123484512e' ],
24 verbose audit error     'x-fetch-attempts': [ '1' ],
24 verbose audit error     'x-local-cache-status': [ 'skip' ]
24 verbose audit error   },
24 verbose audit error   statusCode: 404,
24 verbose audit error   code: 'E404',
24 verbose audit error   method: 'POST',
24 verbose audit error   uri: 'https://registry.npmmirror.com/-/npm/v1/security/audits/quick',
24 verbose audit error   body: {
24 verbose audit error     error: '[NOT_IMPLEMENTED] /-/npm/v1/security/* not implemented yet'
24 verbose audit error   },
24 verbose audit error   pkgid: undefined
24 verbose audit error }
25 silly audit error [object Object]
26 silly audit report null
27 http fetch GET 200 https://cdn.npmmirror.com/packages/create-next-app/15.5.3/create-next-app-15.5.3.tgz 295ms (cache miss)
28 notice
28 notice New [31mmajor[39m version of npm available! [31m10.7.0[39m -> [34m11.6.0[39m
28 notice Changelog: [34mhttps://github.com/npm/cli/releases/tag/v11.6.0[39m
28 notice To update run: [4mnpm install -g npm@11.6.0[24m
28 notice  { force: true, [Symbol(proc-log.meta)]: true }
29 verbose exit 0
30 info ok
