0 verbose cli /Users/zhangpeiwen/.nvm/versions/node/v22.1.0/bin/node /Users/zhangpeiwen/.nvm/versions/node/v22.1.0/bin/npm
1 info using npm@10.7.0
2 info using node@v22.1.0
3 silly config:load:file:/Users/zhangpeiwen/.nvm/versions/node/v22.1.0/lib/node_modules/npm/npmrc
4 silly config:load:file:/Users/zhangpeiwen/vote-book-2025/vote/.npmrc
5 silly config:load:file:/Users/zhangpeiwen/.npmrc
6 silly config:load:file:/Users/zhangpeiwen/.nvm/versions/node/v22.1.0/etc/npmrc
7 verbose title npm install
8 verbose argv "install"
9 verbose logfile logs-max:10 dir:/Users/zhangpeiwen/vote-book-2025/.npm_cache/_logs/2025-09-13T06_01_53_120Z-
10 verbose logfile /Users/zhangpeiwen/vote-book-2025/.npm_cache/_logs/2025-09-13T06_01_53_120Z-debug-0.log
11 silly logfile done cleaning log files
12 silly idealTree buildDeps
13 silly fetch manifest react@19.1.0
14 http fetch GET 200 https://registry.npmmirror.com/react 237ms (cache miss)
15 silly fetch manifest react-dom@19.1.0
16 http fetch GET 200 https://registry.npmmirror.com/react-dom 219ms (cache miss)
17 silly fetch manifest next@15.5.3
18 http fetch GET 200 https://registry.npmmirror.com/next 281ms (cache miss)
19 silly fetch manifest @opentelemetry/api@^1.1.0
20 http fetch GET 200 https://registry.npmmirror.com/@opentelemetry%2fapi 79ms (cache miss)
21 silly fetch manifest @playwright/test@^1.51.1
22 http fetch GET 200 https://registry.npmmirror.com/@playwright%2ftest 255ms (cache miss)
23 silly fetch manifest babel-plugin-react-compiler@*
24 http fetch GET 200 https://registry.npmmirror.com/babel-plugin-react-compiler 56ms (cache miss)
25 silly fetch manifest sass@^1.3.0
26 http fetch GET 200 https://registry.npmmirror.com/sass 82ms (cache miss)
27 silly fetch manifest typescript@^5
28 http fetch GET 200 https://registry.npmmirror.com/typescript 208ms (cache miss)
29 silly fetch manifest @types/node@^20
30 http fetch GET 200 https://registry.npmmirror.com/@types%2fnode 133ms (cache miss)
31 silly fetch manifest @types/react@^19
32 http fetch GET 200 https://registry.npmmirror.com/@types%2freact 65ms (cache miss)
33 silly fetch manifest @types/react-dom@^19
34 http fetch GET 200 https://registry.npmmirror.com/@types%2freact-dom 41ms (cache miss)
35 silly fetch manifest @tailwindcss/postcss@^4
36 http fetch GET 200 https://registry.npmmirror.com/@tailwindcss%2fpostcss 50ms (cache miss)
37 silly fetch manifest tailwindcss@^4
38 http fetch GET 200 https://registry.npmmirror.com/tailwindcss 200ms (cache miss)
39 silly placeDep ROOT @tailwindcss/postcss@4.1.13 OK for: vote@0.1.0 want: ^4
40 silly placeDep ROOT @types/node@20.19.14 OK for: vote@0.1.0 want: ^20
41 silly placeDep ROOT @types/react@19.1.13 OK for: vote@0.1.0 want: ^19
42 silly placeDep ROOT @types/react-dom@19.1.9 OK for: vote@0.1.0 want: ^19
43 silly placeDep ROOT next@15.5.3 OK for: vote@0.1.0 want: 15.5.3
44 silly placeDep ROOT react@19.1.0 OK for: next@15.5.3 want: ^18.2.0 || 19.0.0-rc-de68d2f4-20241204 || ^19.0.0
45 silly placeDep ROOT react-dom@19.1.0 OK for: next@15.5.3 want: ^18.2.0 || 19.0.0-rc-de68d2f4-20241204 || ^19.0.0
46 silly placeDep ROOT tailwindcss@4.1.13 OK for: vote@0.1.0 want: ^4
47 silly placeDep ROOT typescript@5.9.2 OK for: vote@0.1.0 want: ^5
48 silly fetch manifest @alloc/quick-lru@^5.2.0
49 silly fetch manifest postcss@^8.4.41
50 silly fetch manifest tailwindcss@4.1.13
51 silly fetch manifest @tailwindcss/node@4.1.13
52 silly fetch manifest @tailwindcss/oxide@4.1.13
53 silly fetch manifest undici-types@~6.21.0
54 silly fetch manifest csstype@^3.0.2
55 silly fetch manifest @next/env@15.5.3
56 http fetch GET 200 https://registry.npmmirror.com/@alloc%2fquick-lru 74ms (cache miss)
57 silly fetch manifest @swc/helpers@0.5.15
58 http fetch GET 200 https://registry.npmmirror.com/csstype 86ms (cache miss)
59 silly fetch manifest caniuse-lite@^1.0.30001579
60 http fetch GET 200 https://registry.npmmirror.com/undici-types 91ms (cache miss)
61 silly fetch manifest postcss@8.4.31
62 http fetch GET 200 https://registry.npmmirror.com/postcss 103ms (cache miss)
63 silly fetch manifest styled-jsx@5.1.6
64 http fetch GET 200 https://registry.npmmirror.com/postcss 19ms (cache hit)
65 silly fetch manifest sharp@^0.34.3
66 http fetch GET 200 https://registry.npmmirror.com/@swc%2fhelpers 76ms (cache miss)
67 silly fetch manifest @next/swc-darwin-arm64@15.5.3
68 http fetch GET 200 https://registry.npmmirror.com/styled-jsx 65ms (cache miss)
69 silly fetch manifest @next/swc-darwin-x64@15.5.3
70 http fetch GET 200 https://registry.npmmirror.com/@tailwindcss%2fnode 193ms (cache miss)
71 silly fetch manifest @next/swc-linux-arm64-gnu@15.5.3
72 http fetch GET 200 https://registry.npmmirror.com/sharp 113ms (cache miss)
73 silly fetch manifest @next/swc-linux-arm64-musl@15.5.3
74 http fetch GET 200 https://registry.npmmirror.com/@tailwindcss%2foxide 305ms (cache miss)
75 silly fetch manifest @next/swc-linux-x64-gnu@15.5.3
76 http fetch GET 200 https://registry.npmmirror.com/caniuse-lite 310ms (cache miss)
77 silly fetch manifest @next/swc-linux-x64-musl@15.5.3
78 http fetch GET 200 https://registry.npmmirror.com/@next%2fswc-darwin-arm64 360ms (cache miss)
79 silly fetch manifest @next/swc-win32-arm64-msvc@15.5.3
80 http fetch GET 200 https://registry.npmmirror.com/@next%2fswc-linux-arm64-gnu 427ms (cache miss)
81 silly fetch manifest @next/swc-win32-x64-msvc@15.5.3
82 http fetch GET 200 https://registry.npmmirror.com/@next%2fswc-win32-arm64-msvc 323ms (cache miss)
83 silly fetch manifest scheduler@^0.26.0
84 http fetch GET 200 https://registry.npmmirror.com/@next%2fswc-linux-x64-gnu 621ms (cache miss)
85 http fetch GET 200 https://registry.npmmirror.com/@next%2fenv 952ms (cache miss)
86 http fetch GET 200 https://registry.npmmirror.com/@next%2fswc-linux-x64-musl 590ms (cache miss)
87 http fetch GET 200 https://registry.npmmirror.com/@next%2fswc-darwin-x64 839ms (cache miss)
88 http fetch GET 200 https://registry.npmmirror.com/@next%2fswc-win32-x64-msvc 494ms (cache miss)
89 http fetch GET 200 https://registry.npmmirror.com/scheduler 266ms (cache miss)
90 http fetch GET 200 https://registry.npmmirror.com/@next%2fswc-linux-arm64-musl 936ms (cache miss)
91 silly placeDep ROOT @alloc/quick-lru@5.2.0 OK for: @tailwindcss/postcss@4.1.13 want: ^5.2.0
92 silly placeDep ROOT @tailwindcss/node@4.1.13 OK for: @tailwindcss/postcss@4.1.13 want: 4.1.13
93 silly placeDep ROOT @tailwindcss/oxide@4.1.13 OK for: @tailwindcss/postcss@4.1.13 want: 4.1.13
94 silly placeDep ROOT postcss@8.5.6 OK for: @tailwindcss/postcss@4.1.13 want: ^8.4.41
95 silly fetch manifest @jridgewell/remapping@^2.3.4
96 silly fetch manifest enhanced-resolve@^5.18.3
97 silly fetch manifest jiti@^2.5.1
98 silly fetch manifest lightningcss@1.30.1
99 silly fetch manifest magic-string@^0.30.18
100 silly fetch manifest source-map-js@^1.2.1
101 silly fetch manifest tar@^7.4.3
102 http fetch GET 200 https://registry.npmmirror.com/source-map-js 37ms (cache miss)
103 silly fetch manifest detect-libc@^2.0.4
104 http fetch GET 200 https://registry.npmmirror.com/magic-string 53ms (cache miss)
105 silly fetch manifest @tailwindcss/oxide-android-arm64@4.1.13
106 http fetch GET 200 https://registry.npmmirror.com/tar 59ms (cache miss)
107 silly fetch manifest @tailwindcss/oxide-linux-arm-gnueabihf@4.1.13
108 http fetch GET 200 https://registry.npmmirror.com/jiti 61ms (cache miss)
109 silly fetch manifest @tailwindcss/oxide-freebsd-x64@4.1.13
110 http fetch GET 200 https://registry.npmmirror.com/@jridgewell%2fremapping 72ms (cache miss)
111 silly fetch manifest @tailwindcss/oxide-linux-arm64-musl@4.1.13
112 http fetch GET 200 https://registry.npmmirror.com/lightningcss 82ms (cache miss)
113 silly fetch manifest @tailwindcss/oxide-linux-x64-gnu@4.1.13
114 http fetch GET 200 https://registry.npmmirror.com/enhanced-resolve 88ms (cache miss)
115 silly fetch manifest @tailwindcss/oxide-linux-arm64-gnu@4.1.13
116 http fetch GET 200 https://registry.npmmirror.com/detect-libc 61ms (cache miss)
117 silly fetch manifest @tailwindcss/oxide-linux-x64-musl@4.1.13
118 http fetch GET 200 https://registry.npmmirror.com/@tailwindcss%2foxide-android-arm64 68ms (cache miss)
119 silly fetch manifest @tailwindcss/oxide-win32-arm64-msvc@4.1.13
120 http fetch GET 200 https://registry.npmmirror.com/@tailwindcss%2foxide-linux-arm-gnueabihf 196ms (cache miss)
121 silly fetch manifest @tailwindcss/oxide-darwin-x64@4.1.13
122 http fetch GET 200 https://registry.npmmirror.com/@tailwindcss%2foxide-linux-x64-musl 185ms (cache miss)
123 silly fetch manifest @tailwindcss/oxide-win32-x64-msvc@4.1.13
124 http fetch GET 200 https://registry.npmmirror.com/@tailwindcss%2foxide-win32-arm64-msvc 180ms (cache miss)
125 silly fetch manifest @tailwindcss/oxide-wasm32-wasi@4.1.13
126 http fetch GET 200 https://registry.npmmirror.com/@tailwindcss%2foxide-linux-arm64-musl 253ms (cache miss)
127 silly fetch manifest @tailwindcss/oxide-darwin-arm64@4.1.13
128 http fetch GET 200 https://registry.npmmirror.com/@tailwindcss%2foxide-linux-x64-gnu 264ms (cache miss)
129 silly fetch manifest nanoid@^3.3.11
130 http fetch GET 200 https://registry.npmmirror.com/@tailwindcss%2foxide-freebsd-x64 292ms (cache miss)
131 silly fetch manifest picocolors@^1.1.1
132 http fetch GET 200 https://registry.npmmirror.com/@tailwindcss%2foxide-wasm32-wasi 87ms (cache miss)
133 http fetch GET 200 https://registry.npmmirror.com/picocolors 58ms (cache miss)
134 http fetch GET 200 https://registry.npmmirror.com/@tailwindcss%2foxide-darwin-x64 177ms (cache miss)
135 http fetch GET 200 https://registry.npmmirror.com/nanoid 106ms (cache miss)
136 http fetch GET 200 https://registry.npmmirror.com/@tailwindcss%2foxide-win32-x64-msvc 172ms (cache miss)
137 http fetch GET 200 https://registry.npmmirror.com/@tailwindcss%2foxide-linux-arm64-gnu 381ms (cache miss)
138 http fetch GET 200 https://registry.npmmirror.com/@tailwindcss%2foxide-darwin-arm64 165ms (cache miss)
139 silly placeDep ROOT @jridgewell/remapping@2.3.5 OK for: @tailwindcss/node@4.1.13 want: ^2.3.4
140 silly placeDep ROOT enhanced-resolve@5.18.3 OK for: @tailwindcss/node@4.1.13 want: ^5.18.3
141 silly placeDep ROOT jiti@2.5.1 OK for: @tailwindcss/node@4.1.13 want: ^2.5.1
142 silly placeDep ROOT lightningcss@1.30.1 OK for: @tailwindcss/node@4.1.13 want: 1.30.1
143 silly placeDep ROOT magic-string@0.30.19 OK for: @tailwindcss/node@4.1.13 want: ^0.30.18
144 silly placeDep ROOT source-map-js@1.2.1 OK for: @tailwindcss/node@4.1.13 want: ^1.2.1
145 silly fetch manifest @jridgewell/gen-mapping@^0.3.5
146 silly fetch manifest @jridgewell/trace-mapping@^0.3.24
147 silly fetch manifest graceful-fs@^4.2.4
148 silly fetch manifest tapable@^2.2.0
149 silly fetch manifest detect-libc@^2.0.3
150 silly fetch manifest lightningcss-darwin-x64@1.30.1
151 silly fetch manifest lightningcss-linux-x64-gnu@1.30.1
152 silly fetch manifest lightningcss-win32-x64-msvc@1.30.1
153 http fetch GET 200 https://registry.npmmirror.com/lightningcss-darwin-x64 39ms (cache miss)
154 silly fetch manifest lightningcss-win32-arm64-msvc@1.30.1
155 http fetch GET 200 https://registry.npmmirror.com/graceful-fs 43ms (cache miss)
156 silly fetch manifest lightningcss-darwin-arm64@1.30.1
157 http fetch GET 200 https://registry.npmmirror.com/lightningcss-linux-x64-gnu 52ms (cache miss)
158 silly fetch manifest lightningcss-linux-arm64-gnu@1.30.1
159 http fetch GET 200 https://registry.npmmirror.com/lightningcss-win32-x64-msvc 54ms (cache miss)
160 silly fetch manifest lightningcss-linux-arm-gnueabihf@1.30.1
161 http fetch GET 200 https://registry.npmmirror.com/lightningcss-win32-arm64-msvc 30ms (cache miss)
162 silly fetch manifest lightningcss-linux-arm64-musl@1.30.1
163 http fetch GET 200 https://registry.npmmirror.com/@jridgewell%2fgen-mapping 73ms (cache miss)
164 silly fetch manifest lightningcss-linux-x64-musl@1.30.1
165 http fetch GET 200 https://registry.npmmirror.com/@jridgewell%2ftrace-mapping 79ms (cache miss)
166 silly fetch manifest lightningcss-freebsd-x64@1.30.1
167 http fetch GET 200 https://registry.npmmirror.com/lightningcss-darwin-arm64 36ms (cache miss)
168 silly fetch manifest @jridgewell/sourcemap-codec@^1.5.5
169 http fetch GET 200 https://registry.npmmirror.com/tapable 82ms (cache miss)
170 http fetch GET 200 https://registry.npmmirror.com/lightningcss-linux-arm-gnueabihf 40ms (cache miss)
171 http fetch GET 200 https://registry.npmmirror.com/lightningcss-linux-arm64-gnu 54ms (cache miss)
172 http fetch GET 200 https://registry.npmmirror.com/lightningcss-linux-arm64-musl 41ms (cache miss)
173 http fetch GET 200 https://registry.npmmirror.com/lightningcss-linux-x64-musl 38ms (cache miss)
174 http fetch GET 200 https://registry.npmmirror.com/@jridgewell%2fsourcemap-codec 34ms (cache miss)
175 http fetch GET 200 https://registry.npmmirror.com/lightningcss-freebsd-x64 54ms (cache miss)
176 silly placeDep ROOT @jridgewell/gen-mapping@0.3.13 OK for: @jridgewell/remapping@2.3.5 want: ^0.3.5
177 silly placeDep ROOT @jridgewell/trace-mapping@0.3.31 OK for: @jridgewell/remapping@2.3.5 want: ^0.3.24
178 silly fetch manifest @jridgewell/sourcemap-codec@^1.5.0
179 silly fetch manifest @jridgewell/resolve-uri@^3.1.0
180 silly fetch manifest @jridgewell/sourcemap-codec@^1.4.14
181 http fetch GET 200 https://registry.npmmirror.com/@jridgewell%2fresolve-uri 79ms (cache miss)
182 silly placeDep ROOT @jridgewell/sourcemap-codec@1.5.5 OK for: @jridgewell/gen-mapping@0.3.13 want: ^1.5.0
183 silly placeDep ROOT @jridgewell/resolve-uri@3.1.2 OK for: @jridgewell/trace-mapping@0.3.31 want: ^3.1.0
184 silly placeDep ROOT @tailwindcss/oxide-android-arm64@4.1.13 OK for: @tailwindcss/oxide@4.1.13 want: 4.1.13
185 silly placeDep ROOT @tailwindcss/oxide-darwin-arm64@4.1.13 OK for: @tailwindcss/oxide@4.1.13 want: 4.1.13
186 silly placeDep ROOT @tailwindcss/oxide-darwin-x64@4.1.13 OK for: @tailwindcss/oxide@4.1.13 want: 4.1.13
187 silly placeDep ROOT @tailwindcss/oxide-freebsd-x64@4.1.13 OK for: @tailwindcss/oxide@4.1.13 want: 4.1.13
188 silly placeDep ROOT @tailwindcss/oxide-linux-arm-gnueabihf@4.1.13 OK for: @tailwindcss/oxide@4.1.13 want: 4.1.13
189 silly placeDep ROOT @tailwindcss/oxide-linux-arm64-gnu@4.1.13 OK for: @tailwindcss/oxide@4.1.13 want: 4.1.13
190 silly placeDep ROOT @tailwindcss/oxide-linux-arm64-musl@4.1.13 OK for: @tailwindcss/oxide@4.1.13 want: 4.1.13
191 silly placeDep ROOT @tailwindcss/oxide-linux-x64-gnu@4.1.13 OK for: @tailwindcss/oxide@4.1.13 want: 4.1.13
192 silly placeDep ROOT @tailwindcss/oxide-linux-x64-musl@4.1.13 OK for: @tailwindcss/oxide@4.1.13 want: 4.1.13
193 silly placeDep ROOT @tailwindcss/oxide-wasm32-wasi@4.1.13 OK for: @tailwindcss/oxide@4.1.13 want: 4.1.13
194 silly placeDep ROOT @tailwindcss/oxide-win32-arm64-msvc@4.1.13 OK for: @tailwindcss/oxide@4.1.13 want: 4.1.13
195 silly placeDep ROOT @tailwindcss/oxide-win32-x64-msvc@4.1.13 OK for: @tailwindcss/oxide@4.1.13 want: 4.1.13
196 silly placeDep ROOT detect-libc@2.0.4 OK for: @tailwindcss/oxide@4.1.13 want: ^2.0.4
197 silly placeDep ROOT tar@7.4.3 OK for: @tailwindcss/oxide@4.1.13 want: ^7.4.3
198 silly fetch manifest @isaacs/fs-minipass@^4.0.0
199 silly fetch manifest chownr@^3.0.0
200 silly fetch manifest minipass@^7.1.2
201 silly fetch manifest minizlib@^3.0.1
202 silly fetch manifest mkdirp@^3.0.1
203 silly fetch manifest yallist@^5.0.0
204 http fetch GET 200 https://registry.npmmirror.com/chownr 32ms (cache miss)
205 http fetch GET 200 https://registry.npmmirror.com/mkdirp 41ms (cache miss)
206 http fetch GET 200 https://registry.npmmirror.com/@isaacs%2ffs-minipass 42ms (cache miss)
207 http fetch GET 200 https://registry.npmmirror.com/yallist 69ms (cache miss)
208 http fetch GET 200 https://registry.npmmirror.com/minipass 74ms (cache miss)
209 http fetch GET 200 https://registry.npmmirror.com/minizlib 93ms (cache miss)
210 silly placeDep ROOT undici-types@6.21.0 OK for: @types/node@20.19.14 want: ~6.21.0
211 silly placeDep ROOT csstype@3.1.3 OK for: @types/react@19.1.13 want: ^3.0.2
212 silly placeDep ROOT graceful-fs@4.2.11 OK for: enhanced-resolve@5.18.3 want: ^4.2.4
213 silly placeDep ROOT tapable@2.2.3 OK for: enhanced-resolve@5.18.3 want: ^2.2.0
214 silly placeDep ROOT lightningcss-darwin-arm64@1.30.1 OK for: lightningcss@1.30.1 want: 1.30.1
215 silly placeDep ROOT lightningcss-darwin-x64@1.30.1 OK for: lightningcss@1.30.1 want: 1.30.1
216 silly placeDep ROOT lightningcss-freebsd-x64@1.30.1 OK for: lightningcss@1.30.1 want: 1.30.1
217 silly placeDep ROOT lightningcss-linux-arm-gnueabihf@1.30.1 OK for: lightningcss@1.30.1 want: 1.30.1
218 silly placeDep ROOT lightningcss-linux-arm64-gnu@1.30.1 OK for: lightningcss@1.30.1 want: 1.30.1
219 silly placeDep ROOT lightningcss-linux-arm64-musl@1.30.1 OK for: lightningcss@1.30.1 want: 1.30.1
220 silly placeDep ROOT lightningcss-linux-x64-gnu@1.30.1 OK for: lightningcss@1.30.1 want: 1.30.1
221 silly placeDep ROOT lightningcss-linux-x64-musl@1.30.1 OK for: lightningcss@1.30.1 want: 1.30.1
222 silly placeDep ROOT lightningcss-win32-arm64-msvc@1.30.1 OK for: lightningcss@1.30.1 want: 1.30.1
223 silly placeDep ROOT lightningcss-win32-x64-msvc@1.30.1 OK for: lightningcss@1.30.1 want: 1.30.1
224 silly fetch manifest react@^18.2.0 || 19.0.0-rc-de68d2f4-20241204 || ^19.0.0
225 silly placeDep ROOT @next/env@15.5.3 OK for: next@15.5.3 want: 15.5.3
226 silly placeDep ROOT @next/swc-darwin-arm64@15.5.3 OK for: next@15.5.3 want: 15.5.3
227 silly placeDep ROOT @next/swc-darwin-x64@15.5.3 OK for: next@15.5.3 want: 15.5.3
228 silly placeDep ROOT @next/swc-linux-arm64-gnu@15.5.3 OK for: next@15.5.3 want: 15.5.3
229 silly placeDep ROOT @next/swc-linux-arm64-musl@15.5.3 OK for: next@15.5.3 want: 15.5.3
230 silly placeDep ROOT @next/swc-linux-x64-gnu@15.5.3 OK for: next@15.5.3 want: 15.5.3
231 silly placeDep ROOT @next/swc-linux-x64-musl@15.5.3 OK for: next@15.5.3 want: 15.5.3
232 silly placeDep ROOT @next/swc-win32-arm64-msvc@15.5.3 OK for: next@15.5.3 want: 15.5.3
233 silly placeDep ROOT @next/swc-win32-x64-msvc@15.5.3 OK for: next@15.5.3 want: 15.5.3
234 silly placeDep ROOT @swc/helpers@0.5.15 OK for: next@15.5.3 want: 0.5.15
235 silly placeDep ROOT caniuse-lite@1.0.30001741 OK for: next@15.5.3 want: ^1.0.30001579
236 silly placeDep node_modules/next postcss@8.4.31 OK for: next@15.5.3 want: 8.4.31
237 silly placeDep ROOT sharp@0.34.3 OK for: next@15.5.3 want: ^0.34.3
238 silly placeDep ROOT styled-jsx@5.1.6 OK for: next@15.5.3 want: 5.1.6
239 silly fetch manifest tslib@^2.8.0
240 silly fetch manifest nanoid@^3.3.6
241 silly fetch manifest picocolors@^1.0.0
242 silly fetch manifest color@^4.2.3
243 silly fetch manifest semver@^7.7.2
244 silly fetch manifest @img/sharp-darwin-arm64@0.34.3
245 silly fetch manifest @img/sharp-darwin-x64@0.34.3
246 silly fetch manifest @img/sharp-libvips-darwin-arm64@1.2.0
247 silly fetch manifest @img/sharp-libvips-darwin-x64@1.2.0
248 http fetch GET 200 https://registry.npmmirror.com/semver 30ms (cache miss)
249 silly fetch manifest @img/sharp-libvips-linux-arm@1.2.0
250 http fetch GET 200 https://registry.npmmirror.com/@img%2fsharp-libvips-darwin-x64 42ms (cache miss)
251 silly fetch manifest @img/sharp-libvips-linux-arm64@1.2.0
252 http fetch GET 200 https://registry.npmmirror.com/@img%2fsharp-darwin-x64 44ms (cache miss)
253 silly fetch manifest @img/sharp-libvips-linux-ppc64@1.2.0
254 http fetch GET 200 https://registry.npmmirror.com/@img%2fsharp-libvips-darwin-arm64 43ms (cache miss)
255 silly fetch manifest @img/sharp-libvips-linux-s390x@1.2.0
256 http fetch GET 200 https://registry.npmmirror.com/tslib 48ms (cache miss)
257 silly fetch manifest @img/sharp-libvips-linux-x64@1.2.0
258 http fetch GET 200 https://registry.npmmirror.com/@img%2fsharp-darwin-arm64 50ms (cache miss)
259 silly fetch manifest @img/sharp-libvips-linuxmusl-arm64@1.2.0
260 http fetch GET 200 https://registry.npmmirror.com/@img%2fsharp-libvips-linux-arm 36ms (cache miss)
261 silly fetch manifest @img/sharp-libvips-linuxmusl-x64@1.2.0
262 http fetch GET 200 https://registry.npmmirror.com/@img%2fsharp-libvips-linux-arm64 30ms (cache miss)
263 silly fetch manifest @img/sharp-linux-arm@0.34.3
264 http fetch GET 200 https://registry.npmmirror.com/color 81ms (cache miss)
265 silly fetch manifest @img/sharp-linux-arm64@0.34.3
266 http fetch GET 200 https://registry.npmmirror.com/@img%2fsharp-libvips-linux-s390x 36ms (cache miss)
267 silly fetch manifest @img/sharp-linux-ppc64@0.34.3
268 http fetch GET 200 https://registry.npmmirror.com/@img%2fsharp-libvips-linux-x64 38ms (cache miss)
269 silly fetch manifest @img/sharp-linux-s390x@0.34.3
270 http fetch GET 200 https://registry.npmmirror.com/@img%2fsharp-libvips-linux-ppc64 42ms (cache miss)
271 silly fetch manifest @img/sharp-linux-x64@0.34.3
272 http fetch GET 200 https://registry.npmmirror.com/@img%2fsharp-libvips-linuxmusl-arm64 38ms (cache miss)
273 silly fetch manifest @img/sharp-linuxmusl-arm64@0.34.3
274 http fetch GET 200 https://registry.npmmirror.com/@img%2fsharp-linux-arm64 35ms (cache miss)
275 silly fetch manifest @img/sharp-linuxmusl-x64@0.34.3
276 http fetch GET 200 https://registry.npmmirror.com/@img%2fsharp-linux-arm 45ms (cache miss)
277 silly fetch manifest @img/sharp-wasm32@0.34.3
278 http fetch GET 200 https://registry.npmmirror.com/@img%2fsharp-libvips-linuxmusl-x64 54ms (cache miss)
279 silly fetch manifest @img/sharp-win32-arm64@0.34.3
280 http fetch GET 200 https://registry.npmmirror.com/@img%2fsharp-linux-x64 37ms (cache miss)
281 silly fetch manifest @img/sharp-win32-ia32@0.34.3
282 http fetch GET 200 https://registry.npmmirror.com/@img%2fsharp-linux-ppc64 43ms (cache miss)
283 silly fetch manifest @img/sharp-win32-x64@0.34.3
284 http fetch GET 200 https://registry.npmmirror.com/@img%2fsharp-linuxmusl-arm64 38ms (cache miss)
285 silly fetch manifest client-only@0.0.1
286 http fetch GET 200 https://registry.npmmirror.com/@img%2fsharp-linux-s390x 46ms (cache miss)
287 http fetch GET 200 https://registry.npmmirror.com/@img%2fsharp-linuxmusl-x64 41ms (cache miss)
288 http fetch GET 200 https://registry.npmmirror.com/@img%2fsharp-win32-x64 34ms (cache miss)
289 http fetch GET 200 https://registry.npmmirror.com/@img%2fsharp-win32-ia32 40ms (cache miss)
290 http fetch GET 200 https://registry.npmmirror.com/@img%2fsharp-win32-arm64 49ms (cache miss)
291 http fetch GET 200 https://registry.npmmirror.com/@img%2fsharp-wasm32 85ms (cache miss)
292 http fetch GET 200 https://registry.npmmirror.com/client-only 89ms (cache miss)
293 silly placeDep ROOT tslib@2.8.1 OK for: @swc/helpers@0.5.15 want: ^2.8.0
294 silly placeDep ROOT nanoid@3.3.11 OK for: postcss@8.5.6 want: ^3.3.11
295 silly placeDep ROOT picocolors@1.1.1 OK for: postcss@8.5.6 want: ^1.1.1
296 silly placeDep ROOT scheduler@0.26.0 OK for: react-dom@19.1.0 want: ^0.26.0
297 silly placeDep ROOT @img/sharp-darwin-arm64@0.34.3 OK for: sharp@0.34.3 want: 0.34.3
298 silly placeDep ROOT @img/sharp-darwin-x64@0.34.3 OK for: sharp@0.34.3 want: 0.34.3
299 silly placeDep ROOT @img/sharp-libvips-darwin-arm64@1.2.0 OK for: sharp@0.34.3 want: 1.2.0
300 silly placeDep ROOT @img/sharp-libvips-darwin-x64@1.2.0 OK for: sharp@0.34.3 want: 1.2.0
301 silly placeDep ROOT @img/sharp-libvips-linux-arm@1.2.0 OK for: sharp@0.34.3 want: 1.2.0
302 silly placeDep ROOT @img/sharp-libvips-linux-arm64@1.2.0 OK for: sharp@0.34.3 want: 1.2.0
303 silly placeDep ROOT @img/sharp-libvips-linux-ppc64@1.2.0 OK for: sharp@0.34.3 want: 1.2.0
304 silly placeDep ROOT @img/sharp-libvips-linux-s390x@1.2.0 OK for: sharp@0.34.3 want: 1.2.0
305 silly placeDep ROOT @img/sharp-libvips-linux-x64@1.2.0 OK for: sharp@0.34.3 want: 1.2.0
306 silly placeDep ROOT @img/sharp-libvips-linuxmusl-arm64@1.2.0 OK for: sharp@0.34.3 want: 1.2.0
307 silly placeDep ROOT @img/sharp-libvips-linuxmusl-x64@1.2.0 OK for: sharp@0.34.3 want: 1.2.0
308 silly placeDep ROOT @img/sharp-linux-arm@0.34.3 OK for: sharp@0.34.3 want: 0.34.3
309 silly placeDep ROOT @img/sharp-linux-arm64@0.34.3 OK for: sharp@0.34.3 want: 0.34.3
310 silly placeDep ROOT @img/sharp-linux-ppc64@0.34.3 OK for: sharp@0.34.3 want: 0.34.3
311 silly placeDep ROOT @img/sharp-linux-s390x@0.34.3 OK for: sharp@0.34.3 want: 0.34.3
312 silly placeDep ROOT @img/sharp-linux-x64@0.34.3 OK for: sharp@0.34.3 want: 0.34.3
313 silly placeDep ROOT @img/sharp-linuxmusl-arm64@0.34.3 OK for: sharp@0.34.3 want: 0.34.3
314 silly placeDep ROOT @img/sharp-linuxmusl-x64@0.34.3 OK for: sharp@0.34.3 want: 0.34.3
315 silly placeDep ROOT @img/sharp-wasm32@0.34.3 OK for: sharp@0.34.3 want: 0.34.3
316 silly placeDep ROOT @img/sharp-win32-arm64@0.34.3 OK for: sharp@0.34.3 want: 0.34.3
317 silly placeDep ROOT @img/sharp-win32-ia32@0.34.3 OK for: sharp@0.34.3 want: 0.34.3
318 silly placeDep ROOT @img/sharp-win32-x64@0.34.3 OK for: sharp@0.34.3 want: 0.34.3
319 silly placeDep ROOT color@4.2.3 OK for: sharp@0.34.3 want: ^4.2.3
320 silly placeDep ROOT semver@7.7.2 OK for: sharp@0.34.3 want: ^7.7.2
321 silly fetch manifest @emnapi/runtime@^1.4.4
322 silly fetch manifest color-convert@^2.0.1
323 silly fetch manifest color-string@^1.9.0
324 http fetch GET 200 https://registry.npmmirror.com/@emnapi%2fruntime 40ms (cache miss)
325 http fetch GET 200 https://registry.npmmirror.com/color-convert 40ms (cache miss)
326 http fetch GET 200 https://registry.npmmirror.com/color-string 73ms (cache miss)
327 silly placeDep ROOT @emnapi/runtime@1.5.0 OK for: @img/sharp-wasm32@0.34.3 want: ^1.4.4
328 silly placeDep ROOT color-convert@2.0.1 OK for: color@4.2.3 want: ^2.0.1
329 silly placeDep ROOT color-string@1.9.1 OK for: color@4.2.3 want: ^1.9.0
330 silly fetch manifest color-name@~1.1.4
331 silly fetch manifest color-name@^1.0.0
332 silly fetch manifest simple-swizzle@^0.2.2
333 http fetch GET 200 https://registry.npmmirror.com/color-name 37ms (cache miss)
334 http fetch GET 200 https://registry.npmmirror.com/color-name 37ms (cache miss)
335 http fetch GET 200 https://registry.npmmirror.com/simple-swizzle 100ms (cache miss)
336 silly placeDep ROOT color-name@1.1.4 OK for: color-convert@2.0.1 want: ~1.1.4
337 silly placeDep ROOT simple-swizzle@0.2.2 OK for: color-string@1.9.1 want: ^0.2.2
338 silly fetch manifest is-arrayish@^0.3.1
339 http fetch GET 200 https://registry.npmmirror.com/is-arrayish 29ms (cache miss)
340 silly placeDep ROOT is-arrayish@0.3.2 OK for: simple-swizzle@0.2.2 want: ^0.3.1
341 silly placeDep ROOT client-only@0.0.1 OK for: styled-jsx@5.1.6 want: 0.0.1
342 silly placeDep ROOT @isaacs/fs-minipass@4.0.1 OK for: tar@7.4.3 want: ^4.0.0
343 silly placeDep ROOT chownr@3.0.0 OK for: tar@7.4.3 want: ^3.0.0
344 silly placeDep ROOT minipass@7.1.2 OK for: tar@7.4.3 want: ^7.1.2
345 silly placeDep ROOT minizlib@3.0.2 OK for: tar@7.4.3 want: ^3.0.1
346 silly placeDep ROOT mkdirp@3.0.1 OK for: tar@7.4.3 want: ^3.0.1
347 silly placeDep ROOT yallist@5.0.0 OK for: tar@7.4.3 want: ^5.0.0
348 silly fetch manifest minipass@^7.0.4
349 silly reify moves {}
350 verbose reify failed optional dependency /Users/zhangpeiwen/vote-book-2025/vote/node_modules/@tailwindcss/oxide-wasm32-wasi
351 silly reify mark deleted [
351 silly reify   '/Users/zhangpeiwen/vote-book-2025/vote/node_modules/@tailwindcss/oxide-wasm32-wasi'
351 silly reify ]
352 silly audit bulk request {
352 silly audit   '@tailwindcss/postcss': [ '4.1.13' ],
352 silly audit   '@types/node': [ '20.19.14' ],
352 silly audit   '@types/react': [ '19.1.13' ],
352 silly audit   '@types/react-dom': [ '19.1.9' ],
352 silly audit   next: [ '15.5.3' ],
352 silly audit   react: [ '19.1.0' ],
352 silly audit   'react-dom': [ '19.1.0' ],
352 silly audit   tailwindcss: [ '4.1.13' ],
352 silly audit   typescript: [ '5.9.2' ],
352 silly audit   '@alloc/quick-lru': [ '5.2.0' ],
352 silly audit   '@tailwindcss/node': [ '4.1.13' ],
352 silly audit   '@tailwindcss/oxide': [ '4.1.13' ],
352 silly audit   postcss: [ '8.5.6', '8.4.31' ],
352 silly audit   '@jridgewell/remapping': [ '2.3.5' ],
352 silly audit   'enhanced-resolve': [ '5.18.3' ],
352 silly audit   jiti: [ '2.5.1' ],
352 silly audit   lightningcss: [ '1.30.1' ],
352 silly audit   'magic-string': [ '0.30.19' ],
352 silly audit   'source-map-js': [ '1.2.1' ],
352 silly audit   '@jridgewell/gen-mapping': [ '0.3.13' ],
352 silly audit   '@jridgewell/trace-mapping': [ '0.3.31' ],
352 silly audit   '@jridgewell/sourcemap-codec': [ '1.5.5' ],
352 silly audit   '@jridgewell/resolve-uri': [ '3.1.2' ],
352 silly audit   '@tailwindcss/oxide-android-arm64': [ '4.1.13' ],
352 silly audit   '@tailwindcss/oxide-darwin-arm64': [ '4.1.13' ],
352 silly audit   '@tailwindcss/oxide-darwin-x64': [ '4.1.13' ],
352 silly audit   '@tailwindcss/oxide-freebsd-x64': [ '4.1.13' ],
352 silly audit   '@tailwindcss/oxide-linux-arm-gnueabihf': [ '4.1.13' ],
352 silly audit   '@tailwindcss/oxide-linux-arm64-gnu': [ '4.1.13' ],
352 silly audit   '@tailwindcss/oxide-linux-arm64-musl': [ '4.1.13' ],
352 silly audit   '@tailwindcss/oxide-linux-x64-gnu': [ '4.1.13' ],
352 silly audit   '@tailwindcss/oxide-linux-x64-musl': [ '4.1.13' ],
352 silly audit   '@tailwindcss/oxide-win32-arm64-msvc': [ '4.1.13' ],
352 silly audit   '@tailwindcss/oxide-win32-x64-msvc': [ '4.1.13' ],
352 silly audit   'detect-libc': [ '2.0.4' ],
352 silly audit   tar: [ '7.4.3' ],
352 silly audit   'undici-types': [ '6.21.0' ],
352 silly audit   csstype: [ '3.1.3' ],
352 silly audit   'graceful-fs': [ '4.2.11' ],
352 silly audit   tapable: [ '2.2.3' ],
352 silly audit   'lightningcss-darwin-arm64': [ '1.30.1' ],
352 silly audit   'lightningcss-darwin-x64': [ '1.30.1' ],
352 silly audit   'lightningcss-freebsd-x64': [ '1.30.1' ],
352 silly audit   'lightningcss-linux-arm-gnueabihf': [ '1.30.1' ],
352 silly audit   'lightningcss-linux-arm64-gnu': [ '1.30.1' ],
352 silly audit   'lightningcss-linux-arm64-musl': [ '1.30.1' ],
352 silly audit   'lightningcss-linux-x64-gnu': [ '1.30.1' ],
352 silly audit   'lightningcss-linux-x64-musl': [ '1.30.1' ],
352 silly audit   'lightningcss-win32-arm64-msvc': [ '1.30.1' ],
352 silly audit   'lightningcss-win32-x64-msvc': [ '1.30.1' ],
352 silly audit   '@next/env': [ '15.5.3' ],
352 silly audit   '@next/swc-darwin-arm64': [ '15.5.3' ],
352 silly audit   '@next/swc-darwin-x64': [ '15.5.3' ],
352 silly audit   '@next/swc-linux-arm64-gnu': [ '15.5.3' ],
352 silly audit   '@next/swc-linux-arm64-musl': [ '15.5.3' ],
352 silly audit   '@next/swc-linux-x64-gnu': [ '15.5.3' ],
352 silly audit   '@next/swc-linux-x64-musl': [ '15.5.3' ],
352 silly audit   '@next/swc-win32-arm64-msvc': [ '15.5.3' ],
352 silly audit   '@next/swc-win32-x64-msvc': [ '15.5.3' ],
352 silly audit   '@swc/helpers': [ '0.5.15' ],
352 silly audit   'caniuse-lite': [ '1.0.30001741' ],
352 silly audit   sharp: [ '0.34.3' ],
352 silly audit   'styled-jsx': [ '5.1.6' ],
352 silly audit   tslib: [ '2.8.1' ],
352 silly audit   nanoid: [ '3.3.11' ],
352 silly audit   picocolors: [ '1.1.1' ],
352 silly audit   scheduler: [ '0.26.0' ],
352 silly audit   '@img/sharp-darwin-arm64': [ '0.34.3' ],
352 silly audit   '@img/sharp-darwin-x64': [ '0.34.3' ],
352 silly audit   '@img/sharp-libvips-darwin-arm64': [ '1.2.0' ],
352 silly audit   '@img/sharp-libvips-darwin-x64': [ '1.2.0' ],
352 silly audit   '@img/sharp-libvips-linux-arm': [ '1.2.0' ],
352 silly audit   '@img/sharp-libvips-linux-arm64': [ '1.2.0' ],
352 silly audit   '@img/sharp-libvips-linux-ppc64': [ '1.2.0' ],
352 silly audit   '@img/sharp-libvips-linux-s390x': [ '1.2.0' ],
352 silly audit   '@img/sharp-libvips-linux-x64': [ '1.2.0' ],
352 silly audit   '@img/sharp-libvips-linuxmusl-arm64': [ '1.2.0' ],
352 silly audit   '@img/sharp-libvips-linuxmusl-x64': [ '1.2.0' ],
352 silly audit   '@img/sharp-linux-arm': [ '0.34.3' ],
352 silly audit   '@img/sharp-linux-arm64': [ '0.34.3' ],
352 silly audit   '@img/sharp-linux-ppc64': [ '0.34.3' ],
352 silly audit   '@img/sharp-linux-s390x': [ '0.34.3' ],
352 silly audit   '@img/sharp-linux-x64': [ '0.34.3' ],
352 silly audit   '@img/sharp-linuxmusl-arm64': [ '0.34.3' ],
352 silly audit   '@img/sharp-linuxmusl-x64': [ '0.34.3' ],
352 silly audit   '@img/sharp-wasm32': [ '0.34.3' ],
352 silly audit   '@img/sharp-win32-arm64': [ '0.34.3' ],
352 silly audit   '@img/sharp-win32-ia32': [ '0.34.3' ],
352 silly audit   '@img/sharp-win32-x64': [ '0.34.3' ],
352 silly audit   color: [ '4.2.3' ],
352 silly audit   semver: [ '7.7.2' ],
352 silly audit   '@emnapi/runtime': [ '1.5.0' ],
352 silly audit   'color-convert': [ '2.0.1' ],
352 silly audit   'color-string': [ '1.9.1' ],
352 silly audit   'color-name': [ '1.1.4' ],
352 silly audit   'simple-swizzle': [ '0.2.2' ],
352 silly audit   'is-arrayish': [ '0.3.2' ],
352 silly audit   'client-only': [ '0.0.1' ],
352 silly audit   '@isaacs/fs-minipass': [ '4.0.1' ],
352 silly audit   chownr: [ '3.0.0' ],
352 silly audit   minipass: [ '7.1.2' ],
352 silly audit   minizlib: [ '3.0.2' ],
352 silly audit   mkdirp: [ '3.0.1' ],
352 silly audit   yallist: [ '5.0.0' ],
352 silly audit   '@tailwindcss/oxide-wasm32-wasi': [ '4.1.13' ]
352 silly audit }
353 verbose reify failed optional dependency /Users/zhangpeiwen/vote-book-2025/vote/node_modules/@img/sharp-win32-x64
354 silly reify mark deleted [
354 silly reify   '/Users/zhangpeiwen/vote-book-2025/vote/node_modules/@img/sharp-win32-x64'
354 silly reify ]
355 verbose reify failed optional dependency /Users/zhangpeiwen/vote-book-2025/vote/node_modules/@img/sharp-win32-ia32
356 silly reify mark deleted [
356 silly reify   '/Users/zhangpeiwen/vote-book-2025/vote/node_modules/@img/sharp-win32-ia32'
356 silly reify ]
357 verbose reify failed optional dependency /Users/zhangpeiwen/vote-book-2025/vote/node_modules/@img/sharp-win32-arm64
358 silly reify mark deleted [
358 silly reify   '/Users/zhangpeiwen/vote-book-2025/vote/node_modules/@img/sharp-win32-arm64'
358 silly reify ]
359 verbose reify failed optional dependency /Users/zhangpeiwen/vote-book-2025/vote/node_modules/@img/sharp-wasm32
360 silly reify mark deleted [
360 silly reify   '/Users/zhangpeiwen/vote-book-2025/vote/node_modules/@img/sharp-wasm32'
360 silly reify ]
361 verbose reify failed optional dependency /Users/zhangpeiwen/vote-book-2025/vote/node_modules/@img/sharp-linuxmusl-x64
362 silly reify mark deleted [
362 silly reify   '/Users/zhangpeiwen/vote-book-2025/vote/node_modules/@img/sharp-linuxmusl-x64'
362 silly reify ]
363 verbose reify failed optional dependency /Users/zhangpeiwen/vote-book-2025/vote/node_modules/@img/sharp-linuxmusl-arm64
364 silly reify mark deleted [
364 silly reify   '/Users/zhangpeiwen/vote-book-2025/vote/node_modules/@img/sharp-linuxmusl-arm64'
364 silly reify ]
365 verbose reify failed optional dependency /Users/zhangpeiwen/vote-book-2025/vote/node_modules/@img/sharp-linux-x64
366 silly reify mark deleted [
366 silly reify   '/Users/zhangpeiwen/vote-book-2025/vote/node_modules/@img/sharp-linux-x64'
366 silly reify ]
367 verbose reify failed optional dependency /Users/zhangpeiwen/vote-book-2025/vote/node_modules/@img/sharp-linux-s390x
368 silly reify mark deleted [
368 silly reify   '/Users/zhangpeiwen/vote-book-2025/vote/node_modules/@img/sharp-linux-s390x'
368 silly reify ]
369 verbose reify failed optional dependency /Users/zhangpeiwen/vote-book-2025/vote/node_modules/@img/sharp-linux-ppc64
370 silly reify mark deleted [
370 silly reify   '/Users/zhangpeiwen/vote-book-2025/vote/node_modules/@img/sharp-linux-ppc64'
370 silly reify ]
371 verbose reify failed optional dependency /Users/zhangpeiwen/vote-book-2025/vote/node_modules/@img/sharp-linux-arm64
372 silly reify mark deleted [
372 silly reify   '/Users/zhangpeiwen/vote-book-2025/vote/node_modules/@img/sharp-linux-arm64'
372 silly reify ]
373 verbose reify failed optional dependency /Users/zhangpeiwen/vote-book-2025/vote/node_modules/@img/sharp-linux-arm
374 silly reify mark deleted [
374 silly reify   '/Users/zhangpeiwen/vote-book-2025/vote/node_modules/@img/sharp-linux-arm'
374 silly reify ]
375 verbose reify failed optional dependency /Users/zhangpeiwen/vote-book-2025/vote/node_modules/@img/sharp-libvips-linuxmusl-x64
376 silly reify mark deleted [
376 silly reify   '/Users/zhangpeiwen/vote-book-2025/vote/node_modules/@img/sharp-libvips-linuxmusl-x64'
376 silly reify ]
377 verbose reify failed optional dependency /Users/zhangpeiwen/vote-book-2025/vote/node_modules/@img/sharp-libvips-linuxmusl-arm64
378 silly reify mark deleted [
378 silly reify   '/Users/zhangpeiwen/vote-book-2025/vote/node_modules/@img/sharp-libvips-linuxmusl-arm64'
378 silly reify ]
379 verbose reify failed optional dependency /Users/zhangpeiwen/vote-book-2025/vote/node_modules/@img/sharp-libvips-linux-x64
380 silly reify mark deleted [
380 silly reify   '/Users/zhangpeiwen/vote-book-2025/vote/node_modules/@img/sharp-libvips-linux-x64'
380 silly reify ]
381 verbose reify failed optional dependency /Users/zhangpeiwen/vote-book-2025/vote/node_modules/@img/sharp-libvips-linux-s390x
382 silly reify mark deleted [
382 silly reify   '/Users/zhangpeiwen/vote-book-2025/vote/node_modules/@img/sharp-libvips-linux-s390x'
382 silly reify ]
383 verbose reify failed optional dependency /Users/zhangpeiwen/vote-book-2025/vote/node_modules/@img/sharp-libvips-linux-ppc64
384 silly reify mark deleted [
384 silly reify   '/Users/zhangpeiwen/vote-book-2025/vote/node_modules/@img/sharp-libvips-linux-ppc64'
384 silly reify ]
385 verbose reify failed optional dependency /Users/zhangpeiwen/vote-book-2025/vote/node_modules/@img/sharp-libvips-linux-arm64
386 silly reify mark deleted [
386 silly reify   '/Users/zhangpeiwen/vote-book-2025/vote/node_modules/@img/sharp-libvips-linux-arm64'
386 silly reify ]
387 verbose reify failed optional dependency /Users/zhangpeiwen/vote-book-2025/vote/node_modules/@img/sharp-libvips-linux-arm
388 silly reify mark deleted [
388 silly reify   '/Users/zhangpeiwen/vote-book-2025/vote/node_modules/@img/sharp-libvips-linux-arm'
388 silly reify ]
389 verbose reify failed optional dependency /Users/zhangpeiwen/vote-book-2025/vote/node_modules/@img/sharp-libvips-darwin-arm64
390 silly reify mark deleted [
390 silly reify   '/Users/zhangpeiwen/vote-book-2025/vote/node_modules/@img/sharp-libvips-darwin-arm64'
390 silly reify ]
391 verbose reify failed optional dependency /Users/zhangpeiwen/vote-book-2025/vote/node_modules/@img/sharp-darwin-arm64
392 silly reify mark deleted [
392 silly reify   '/Users/zhangpeiwen/vote-book-2025/vote/node_modules/@img/sharp-darwin-arm64'
392 silly reify ]
393 verbose reify failed optional dependency /Users/zhangpeiwen/vote-book-2025/vote/node_modules/@next/swc-win32-x64-msvc
394 silly reify mark deleted [
394 silly reify   '/Users/zhangpeiwen/vote-book-2025/vote/node_modules/@next/swc-win32-x64-msvc'
394 silly reify ]
395 verbose reify failed optional dependency /Users/zhangpeiwen/vote-book-2025/vote/node_modules/@next/swc-win32-arm64-msvc
396 silly reify mark deleted [
396 silly reify   '/Users/zhangpeiwen/vote-book-2025/vote/node_modules/@next/swc-win32-arm64-msvc'
396 silly reify ]
397 verbose reify failed optional dependency /Users/zhangpeiwen/vote-book-2025/vote/node_modules/@next/swc-linux-x64-musl
398 silly reify mark deleted [
398 silly reify   '/Users/zhangpeiwen/vote-book-2025/vote/node_modules/@next/swc-linux-x64-musl'
398 silly reify ]
399 verbose reify failed optional dependency /Users/zhangpeiwen/vote-book-2025/vote/node_modules/@next/swc-linux-x64-gnu
400 silly reify mark deleted [
400 silly reify   '/Users/zhangpeiwen/vote-book-2025/vote/node_modules/@next/swc-linux-x64-gnu'
400 silly reify ]
401 verbose reify failed optional dependency /Users/zhangpeiwen/vote-book-2025/vote/node_modules/@next/swc-linux-arm64-musl
402 silly reify mark deleted [
402 silly reify   '/Users/zhangpeiwen/vote-book-2025/vote/node_modules/@next/swc-linux-arm64-musl'
402 silly reify ]
403 verbose reify failed optional dependency /Users/zhangpeiwen/vote-book-2025/vote/node_modules/@next/swc-linux-arm64-gnu
404 silly reify mark deleted [
404 silly reify   '/Users/zhangpeiwen/vote-book-2025/vote/node_modules/@next/swc-linux-arm64-gnu'
404 silly reify ]
405 verbose reify failed optional dependency /Users/zhangpeiwen/vote-book-2025/vote/node_modules/@next/swc-darwin-arm64
406 silly reify mark deleted [
406 silly reify   '/Users/zhangpeiwen/vote-book-2025/vote/node_modules/@next/swc-darwin-arm64'
406 silly reify ]
407 verbose reify failed optional dependency /Users/zhangpeiwen/vote-book-2025/vote/node_modules/lightningcss-win32-x64-msvc
408 silly reify mark deleted [
408 silly reify   '/Users/zhangpeiwen/vote-book-2025/vote/node_modules/lightningcss-win32-x64-msvc'
408 silly reify ]
409 verbose reify failed optional dependency /Users/zhangpeiwen/vote-book-2025/vote/node_modules/lightningcss-win32-arm64-msvc
410 silly reify mark deleted [
410 silly reify   '/Users/zhangpeiwen/vote-book-2025/vote/node_modules/lightningcss-win32-arm64-msvc'
410 silly reify ]
411 verbose reify failed optional dependency /Users/zhangpeiwen/vote-book-2025/vote/node_modules/lightningcss-linux-x64-musl
412 silly reify mark deleted [
412 silly reify   '/Users/zhangpeiwen/vote-book-2025/vote/node_modules/lightningcss-linux-x64-musl'
412 silly reify ]
413 verbose reify failed optional dependency /Users/zhangpeiwen/vote-book-2025/vote/node_modules/lightningcss-linux-x64-gnu
414 silly reify mark deleted [
414 silly reify   '/Users/zhangpeiwen/vote-book-2025/vote/node_modules/lightningcss-linux-x64-gnu'
414 silly reify ]
415 verbose reify failed optional dependency /Users/zhangpeiwen/vote-book-2025/vote/node_modules/lightningcss-linux-arm64-musl
416 silly reify mark deleted [
416 silly reify   '/Users/zhangpeiwen/vote-book-2025/vote/node_modules/lightningcss-linux-arm64-musl'
416 silly reify ]
417 verbose reify failed optional dependency /Users/zhangpeiwen/vote-book-2025/vote/node_modules/lightningcss-linux-arm64-gnu
418 silly reify mark deleted [
418 silly reify   '/Users/zhangpeiwen/vote-book-2025/vote/node_modules/lightningcss-linux-arm64-gnu'
418 silly reify ]
419 verbose reify failed optional dependency /Users/zhangpeiwen/vote-book-2025/vote/node_modules/lightningcss-linux-arm-gnueabihf
420 silly reify mark deleted [
420 silly reify   '/Users/zhangpeiwen/vote-book-2025/vote/node_modules/lightningcss-linux-arm-gnueabihf'
420 silly reify ]
421 verbose reify failed optional dependency /Users/zhangpeiwen/vote-book-2025/vote/node_modules/lightningcss-freebsd-x64
422 silly reify mark deleted [
422 silly reify   '/Users/zhangpeiwen/vote-book-2025/vote/node_modules/lightningcss-freebsd-x64'
422 silly reify ]
423 verbose reify failed optional dependency /Users/zhangpeiwen/vote-book-2025/vote/node_modules/lightningcss-darwin-arm64
424 silly reify mark deleted [
424 silly reify   '/Users/zhangpeiwen/vote-book-2025/vote/node_modules/lightningcss-darwin-arm64'
424 silly reify ]
425 verbose reify failed optional dependency /Users/zhangpeiwen/vote-book-2025/vote/node_modules/@tailwindcss/oxide-win32-x64-msvc
426 silly reify mark deleted [
426 silly reify   '/Users/zhangpeiwen/vote-book-2025/vote/node_modules/@tailwindcss/oxide-win32-x64-msvc'
426 silly reify ]
427 verbose reify failed optional dependency /Users/zhangpeiwen/vote-book-2025/vote/node_modules/@tailwindcss/oxide-win32-arm64-msvc
428 silly reify mark deleted [
428 silly reify   '/Users/zhangpeiwen/vote-book-2025/vote/node_modules/@tailwindcss/oxide-win32-arm64-msvc'
428 silly reify ]
429 verbose reify failed optional dependency /Users/zhangpeiwen/vote-book-2025/vote/node_modules/@tailwindcss/oxide-linux-x64-musl
430 silly reify mark deleted [
430 silly reify   '/Users/zhangpeiwen/vote-book-2025/vote/node_modules/@tailwindcss/oxide-linux-x64-musl'
430 silly reify ]
431 verbose reify failed optional dependency /Users/zhangpeiwen/vote-book-2025/vote/node_modules/@tailwindcss/oxide-linux-x64-gnu
432 silly reify mark deleted [
432 silly reify   '/Users/zhangpeiwen/vote-book-2025/vote/node_modules/@tailwindcss/oxide-linux-x64-gnu'
432 silly reify ]
433 verbose reify failed optional dependency /Users/zhangpeiwen/vote-book-2025/vote/node_modules/@tailwindcss/oxide-linux-arm64-musl
434 silly reify mark deleted [
434 silly reify   '/Users/zhangpeiwen/vote-book-2025/vote/node_modules/@tailwindcss/oxide-linux-arm64-musl'
434 silly reify ]
435 verbose reify failed optional dependency /Users/zhangpeiwen/vote-book-2025/vote/node_modules/@tailwindcss/oxide-linux-arm64-gnu
436 silly reify mark deleted [
436 silly reify   '/Users/zhangpeiwen/vote-book-2025/vote/node_modules/@tailwindcss/oxide-linux-arm64-gnu'
436 silly reify ]
437 verbose reify failed optional dependency /Users/zhangpeiwen/vote-book-2025/vote/node_modules/@tailwindcss/oxide-linux-arm-gnueabihf
438 silly reify mark deleted [
438 silly reify   '/Users/zhangpeiwen/vote-book-2025/vote/node_modules/@tailwindcss/oxide-linux-arm-gnueabihf'
438 silly reify ]
439 verbose reify failed optional dependency /Users/zhangpeiwen/vote-book-2025/vote/node_modules/@tailwindcss/oxide-freebsd-x64
440 silly reify mark deleted [
440 silly reify   '/Users/zhangpeiwen/vote-book-2025/vote/node_modules/@tailwindcss/oxide-freebsd-x64'
440 silly reify ]
441 verbose reify failed optional dependency /Users/zhangpeiwen/vote-book-2025/vote/node_modules/@tailwindcss/oxide-darwin-arm64
442 silly reify mark deleted [
442 silly reify   '/Users/zhangpeiwen/vote-book-2025/vote/node_modules/@tailwindcss/oxide-darwin-arm64'
442 silly reify ]
443 verbose reify failed optional dependency /Users/zhangpeiwen/vote-book-2025/vote/node_modules/@tailwindcss/oxide-android-arm64
444 silly reify mark deleted [
444 silly reify   '/Users/zhangpeiwen/vote-book-2025/vote/node_modules/@tailwindcss/oxide-android-arm64'
444 silly reify ]
445 silly tarball no local data for yallist@https://registry.npmmirror.com/yallist/-/yallist-5.0.0.tgz. Extracting by manifest.
446 silly tarball no local data for mkdirp@https://registry.npmmirror.com/mkdirp/-/mkdirp-3.0.1.tgz. Extracting by manifest.
447 silly tarball no local data for minizlib@https://registry.npmmirror.com/minizlib/-/minizlib-3.0.2.tgz. Extracting by manifest.
448 silly tarball no local data for minipass@https://registry.npmmirror.com/minipass/-/minipass-7.1.2.tgz. Extracting by manifest.
449 silly tarball no local data for chownr@https://registry.npmmirror.com/chownr/-/chownr-3.0.0.tgz. Extracting by manifest.
450 silly tarball no local data for @isaacs/fs-minipass@https://registry.npmmirror.com/@isaacs/fs-minipass/-/fs-minipass-4.0.1.tgz. Extracting by manifest.
451 silly tarball no local data for is-arrayish@https://registry.npmmirror.com/is-arrayish/-/is-arrayish-0.3.2.tgz. Extracting by manifest.
452 silly tarball no local data for simple-swizzle@https://registry.npmmirror.com/simple-swizzle/-/simple-swizzle-0.2.2.tgz. Extracting by manifest.
453 silly tarball no local data for color-name@https://registry.npmmirror.com/color-name/-/color-name-1.1.4.tgz. Extracting by manifest.
454 silly tarball no local data for color-string@https://registry.npmmirror.com/color-string/-/color-string-1.9.1.tgz. Extracting by manifest.
455 silly tarball no local data for color-convert@https://registry.npmmirror.com/color-convert/-/color-convert-2.0.1.tgz. Extracting by manifest.
456 silly tarball no local data for client-only@https://registry.npmmirror.com/client-only/-/client-only-0.0.1.tgz. Extracting by manifest.
457 silly tarball no local data for @emnapi/runtime@https://registry.npmmirror.com/@emnapi/runtime/-/runtime-1.5.0.tgz. Extracting by manifest.
458 silly tarball no local data for semver@https://registry.npmmirror.com/semver/-/semver-7.7.2.tgz. Extracting by manifest.
459 silly tarball no local data for color@https://registry.npmmirror.com/color/-/color-4.2.3.tgz. Extracting by manifest.
460 silly tarball no local data for @img/sharp-libvips-darwin-x64@https://registry.npmmirror.com/@img/sharp-libvips-darwin-x64/-/sharp-libvips-darwin-x64-1.2.0.tgz. Extracting by manifest.
461 silly tarball no local data for @img/sharp-darwin-x64@https://registry.npmmirror.com/@img/sharp-darwin-x64/-/sharp-darwin-x64-0.34.3.tgz. Extracting by manifest.
462 silly tarball no local data for scheduler@https://registry.npmmirror.com/scheduler/-/scheduler-0.26.0.tgz. Extracting by manifest.
463 silly tarball no local data for picocolors@https://registry.npmmirror.com/picocolors/-/picocolors-1.1.1.tgz. Extracting by manifest.
464 silly tarball no local data for nanoid@https://registry.npmmirror.com/nanoid/-/nanoid-3.3.11.tgz. Extracting by manifest.
465 silly tarball no local data for tslib@https://registry.npmmirror.com/tslib/-/tslib-2.8.1.tgz. Extracting by manifest.
466 silly tarball no local data for styled-jsx@https://registry.npmmirror.com/styled-jsx/-/styled-jsx-5.1.6.tgz. Extracting by manifest.
467 silly tarball no local data for caniuse-lite@https://registry.npmmirror.com/caniuse-lite/-/caniuse-lite-1.0.30001741.tgz. Extracting by manifest.
468 silly tarball no local data for @swc/helpers@https://registry.npmmirror.com/@swc/helpers/-/helpers-0.5.15.tgz. Extracting by manifest.
469 silly tarball no local data for sharp@https://registry.npmmirror.com/sharp/-/sharp-0.34.3.tgz. Extracting by manifest.
470 silly tarball no local data for @next/swc-darwin-x64@https://registry.npmmirror.com/@next/swc-darwin-x64/-/swc-darwin-x64-15.5.3.tgz. Extracting by manifest.
471 silly tarball no local data for @next/env@https://registry.npmmirror.com/@next/env/-/env-15.5.3.tgz. Extracting by manifest.
472 silly tarball no local data for tapable@https://registry.npmmirror.com/tapable/-/tapable-2.2.3.tgz. Extracting by manifest.
473 silly tarball no local data for lightningcss-darwin-x64@https://registry.npmmirror.com/lightningcss-darwin-x64/-/lightningcss-darwin-x64-1.30.1.tgz. Extracting by manifest.
474 silly tarball no local data for graceful-fs@https://registry.npmmirror.com/graceful-fs/-/graceful-fs-4.2.11.tgz. Extracting by manifest.
475 silly tarball no local data for csstype@https://registry.npmmirror.com/csstype/-/csstype-3.1.3.tgz. Extracting by manifest.
476 silly tarball no local data for undici-types@https://registry.npmmirror.com/undici-types/-/undici-types-6.21.0.tgz. Extracting by manifest.
477 silly tarball no local data for @tailwindcss/oxide-darwin-x64@https://registry.npmmirror.com/@tailwindcss/oxide-darwin-x64/-/oxide-darwin-x64-4.1.13.tgz. Extracting by manifest.
478 silly tarball no local data for tar@https://registry.npmmirror.com/tar/-/tar-7.4.3.tgz. Extracting by manifest.
479 silly tarball no local data for @jridgewell/sourcemap-codec@https://registry.npmmirror.com/@jridgewell/sourcemap-codec/-/sourcemap-codec-1.5.5.tgz. Extracting by manifest.
480 silly tarball no local data for @jridgewell/resolve-uri@https://registry.npmmirror.com/@jridgewell/resolve-uri/-/resolve-uri-3.1.2.tgz. Extracting by manifest.
481 silly tarball no local data for @jridgewell/trace-mapping@https://registry.npmmirror.com/@jridgewell/trace-mapping/-/trace-mapping-0.3.31.tgz. Extracting by manifest.
482 silly tarball no local data for source-map-js@https://registry.npmmirror.com/source-map-js/-/source-map-js-1.2.1.tgz. Extracting by manifest.
483 silly tarball no local data for @jridgewell/gen-mapping@https://registry.npmmirror.com/@jridgewell/gen-mapping/-/gen-mapping-0.3.13.tgz. Extracting by manifest.
484 silly tarball no local data for magic-string@https://registry.npmmirror.com/magic-string/-/magic-string-0.30.19.tgz. Extracting by manifest.
485 silly tarball no local data for lightningcss@https://registry.npmmirror.com/lightningcss/-/lightningcss-1.30.1.tgz. Extracting by manifest.
486 silly tarball no local data for enhanced-resolve@https://registry.npmmirror.com/enhanced-resolve/-/enhanced-resolve-5.18.3.tgz. Extracting by manifest.
487 silly tarball no local data for jiti@https://registry.npmmirror.com/jiti/-/jiti-2.5.1.tgz. Extracting by manifest.
488 silly tarball no local data for @jridgewell/remapping@https://registry.npmmirror.com/@jridgewell/remapping/-/remapping-2.3.5.tgz. Extracting by manifest.
489 silly tarball no local data for postcss@https://registry.npmmirror.com/postcss/-/postcss-8.5.6.tgz. Extracting by manifest.
490 silly tarball no local data for @tailwindcss/oxide@https://registry.npmmirror.com/@tailwindcss/oxide/-/oxide-4.1.13.tgz. Extracting by manifest.
491 silly tarball no local data for @tailwindcss/node@https://registry.npmmirror.com/@tailwindcss/node/-/node-4.1.13.tgz. Extracting by manifest.
492 silly tarball no local data for typescript@https://registry.npmmirror.com/typescript/-/typescript-5.9.2.tgz. Extracting by manifest.
493 silly tarball no local data for @alloc/quick-lru@https://registry.npmmirror.com/@alloc/quick-lru/-/quick-lru-5.2.0.tgz. Extracting by manifest.
494 silly tarball no local data for tailwindcss@https://registry.npmmirror.com/tailwindcss/-/tailwindcss-4.1.13.tgz. Extracting by manifest.
495 silly tarball no local data for react-dom@https://registry.npmmirror.com/react-dom/-/react-dom-19.1.0.tgz. Extracting by manifest.
496 silly tarball no local data for react@https://registry.npmmirror.com/react/-/react-19.1.0.tgz. Extracting by manifest.
497 silly tarball no local data for next@https://registry.npmmirror.com/next/-/next-15.5.3.tgz. Extracting by manifest.
498 silly tarball no local data for @types/react@https://registry.npmmirror.com/@types/react/-/react-19.1.13.tgz. Extracting by manifest.
499 silly tarball no local data for @types/react-dom@https://registry.npmmirror.com/@types/react-dom/-/react-dom-19.1.9.tgz. Extracting by manifest.
500 silly tarball no local data for detect-libc@https://registry.npmmirror.com/detect-libc/-/detect-libc-2.0.4.tgz. Extracting by manifest.
501 silly tarball no local data for @types/node@https://registry.npmmirror.com/@types/node/-/node-20.19.14.tgz. Extracting by manifest.
502 silly tarball no local data for @tailwindcss/postcss@https://registry.npmmirror.com/@tailwindcss/postcss/-/postcss-4.1.13.tgz. Extracting by manifest.
503 silly tarball no local data for postcss@https://registry.npmmirror.com/postcss/-/postcss-8.4.31.tgz. Extracting by manifest.
504 http fetch GET 200 https://cdn.npmmirror.com/packages/%40isaacs/fs-minipass/4.0.1/fs-minipass-4.0.1.tgz 185ms (cache miss)
505 http fetch GET 200 https://cdn.npmmirror.com/packages/chownr/3.0.0/chownr-3.0.0.tgz 186ms (cache miss)
506 http fetch GET 200 https://cdn.npmmirror.com/packages/yallist/5.0.0/yallist-5.0.0.tgz 189ms (cache miss)
507 http fetch GET 200 https://cdn.npmmirror.com/packages/minizlib/3.0.2/minizlib-3.0.2.tgz 190ms (cache miss)
508 http fetch GET 200 https://cdn.npmmirror.com/packages/mkdirp/3.0.1/mkdirp-3.0.1.tgz 194ms (cache miss)
509 http fetch GET 200 https://cdn.npmmirror.com/packages/color-name/1.1.4/color-name-1.1.4.tgz 199ms (cache miss)
510 http fetch GET 200 https://cdn.npmmirror.com/packages/color-convert/2.0.1/color-convert-2.0.1.tgz 199ms (cache miss)
511 http fetch GET 200 https://cdn.npmmirror.com/packages/simple-swizzle/0.2.2/simple-swizzle-0.2.2.tgz 208ms (cache miss)
512 http fetch GET 200 https://cdn.npmmirror.com/packages/color/4.2.3/color-4.2.3.tgz 208ms (cache miss)
513 http fetch GET 200 https://cdn.npmmirror.com/packages/is-arrayish/0.3.2/is-arrayish-0.3.2.tgz 215ms (cache miss)
514 http fetch GET 200 https://cdn.npmmirror.com/packages/semver/7.7.2/semver-7.7.2.tgz 215ms (cache miss)
515 http fetch GET 200 https://cdn.npmmirror.com/packages/minipass/7.1.2/minipass-7.1.2.tgz 227ms (cache miss)
516 http fetch GET 200 https://cdn.npmmirror.com/packages/tapable/2.2.3/tapable-2.2.3.tgz 243ms (cache miss)
517 http fetch GET 200 https://cdn.npmmirror.com/packages/client-only/0.0.1/client-only-0.0.1.tgz 246ms (cache miss)
518 http fetch GET 200 https://cdn.npmmirror.com/packages/styled-jsx/5.1.6/styled-jsx-5.1.6.tgz 251ms (cache miss)
519 http fetch GET 200 https://cdn.npmmirror.com/packages/color-string/1.9.1/color-string-1.9.1.tgz 265ms (cache miss)
520 http fetch GET 200 https://cdn.npmmirror.com/packages/nanoid/3.3.11/nanoid-3.3.11.tgz 264ms (cache miss)
521 http fetch GET 200 https://cdn.npmmirror.com/packages/%40next/env/15.5.3/env-15.5.3.tgz 264ms (cache miss)
522 http fetch POST 404 https://registry.npmmirror.com/-/npm/v1/security/advisories/bulk 302ms (cache skip)
523 silly audit bulk request failed [object Object]
524 http fetch GET 200 https://cdn.npmmirror.com/packages/%40emnapi/runtime/1.5.0/runtime-1.5.0.tgz 302ms (cache miss)
525 http fetch GET 200 https://cdn.npmmirror.com/packages/scheduler/0.26.0/scheduler-0.26.0.tgz 304ms (cache miss)
526 http fetch GET 200 https://cdn.npmmirror.com/packages/%40jridgewell/resolve-uri/3.1.2/resolve-uri-3.1.2.tgz 303ms (cache miss)
527 http fetch GET 200 https://cdn.npmmirror.com/packages/undici-types/6.21.0/undici-types-6.21.0.tgz 316ms (cache miss)
528 http fetch GET 200 https://cdn.npmmirror.com/packages/%40img/sharp-darwin-x64/0.34.3/sharp-darwin-x64-0.34.3.tgz 323ms (cache miss)
529 http fetch GET 200 https://cdn.npmmirror.com/packages/graceful-fs/4.2.11/graceful-fs-4.2.11.tgz 332ms (cache miss)
530 http fetch GET 200 https://cdn.npmmirror.com/packages/%40jridgewell/sourcemap-codec/1.5.5/sourcemap-codec-1.5.5.tgz 336ms (cache miss)
531 http fetch GET 200 https://cdn.npmmirror.com/packages/tar/7.4.3/tar-7.4.3.tgz 363ms (cache miss)
532 http fetch POST 404 https://registry.npmmirror.com/-/npm/v1/security/audits/quick 83ms (cache skip)
533 verbose audit error HttpErrorGeneral: 404 Not Found - POST https://registry.npmmirror.com/-/npm/v1/security/audits/quick - [NOT_IMPLEMENTED] /-/npm/v1/security/* not implemented yet
533 verbose audit error     at /Users/zhangpeiwen/.nvm/versions/node/v22.1.0/lib/node_modules/npm/node_modules/npm-registry-fetch/lib/check-response.js:95:15
533 verbose audit error     at process.processTicksAndRejections (node:internal/process/task_queues:95:5)
533 verbose audit error     at async [getReport] (/Users/zhangpeiwen/.nvm/versions/node/v22.1.0/lib/node_modules/npm/node_modules/@npmcli/arborist/lib/audit-report.js:336:21)
533 verbose audit error     at async AuditReport.run (/Users/zhangpeiwen/.nvm/versions/node/v22.1.0/lib/node_modules/npm/node_modules/@npmcli/arborist/lib/audit-report.js:106:19) {
533 verbose audit error   headers: [Object: null prototype] {
533 verbose audit error     server: [ 'Tengine' ],
533 verbose audit error     date: [ 'Sat, 13 Sep 2025 06:01:58 GMT' ],
533 verbose audit error     'content-type': [ 'application/json' ],
533 verbose audit error     'transfer-encoding': [ 'chunked' ],
533 verbose audit error     connection: [ 'keep-alive' ],
533 verbose audit error     'strict-transport-security': [ 'max-age=5184000' ],
533 verbose audit error     via: [ 'kunlun9.cn8360[,404666]' ],
533 verbose audit error     'timing-allow-origin': [ '*' ],
533 verbose audit error     eagleid: [ 'ab2ba99d17577433186918235e' ],
533 verbose audit error     'x-fetch-attempts': [ '1' ],
533 verbose audit error     'x-local-cache-status': [ 'skip' ]
533 verbose audit error   },
533 verbose audit error   statusCode: 404,
533 verbose audit error   code: 'E404',
533 verbose audit error   method: 'POST',
533 verbose audit error   uri: 'https://registry.npmmirror.com/-/npm/v1/security/audits/quick',
533 verbose audit error   body: {
533 verbose audit error     error: '[NOT_IMPLEMENTED] /-/npm/v1/security/* not implemented yet'
533 verbose audit error   },
533 verbose audit error   pkgid: undefined
533 verbose audit error }
534 silly audit error [object Object]
535 silly audit report null
536 http fetch GET 200 https://cdn.npmmirror.com/packages/%40jridgewell/gen-mapping/0.3.13/gen-mapping-0.3.13.tgz 375ms (cache miss)
537 http fetch GET 200 https://cdn.npmmirror.com/packages/picocolors/1.1.1/picocolors-1.1.1.tgz 389ms (cache miss)
538 http fetch GET 200 https://cdn.npmmirror.com/packages/%40swc/helpers/0.5.15/helpers-0.5.15.tgz 392ms (cache miss)
539 http fetch GET 200 https://cdn.npmmirror.com/packages/%40jridgewell/trace-mapping/0.3.31/trace-mapping-0.3.31.tgz 395ms (cache miss)
540 http fetch GET 200 https://cdn.npmmirror.com/packages/%40jridgewell/remapping/2.3.5/remapping-2.3.5.tgz 407ms (cache miss)
541 http fetch GET 200 https://cdn.npmmirror.com/packages/tslib/2.8.1/tslib-2.8.1.tgz 409ms (cache miss)
542 http fetch GET 200 https://cdn.npmmirror.com/packages/sharp/0.34.3/sharp-0.34.3.tgz 425ms (cache miss)
543 http fetch GET 200 https://cdn.npmmirror.com/packages/caniuse-lite/1.0.30001741/caniuse-lite-1.0.30001741.tgz 428ms (cache miss)
544 http fetch GET 200 https://cdn.npmmirror.com/packages/csstype/3.1.3/csstype-3.1.3.tgz 466ms (cache miss)
545 http fetch GET 200 https://cdn.npmmirror.com/packages/%40tailwindcss/node/4.1.13/node-4.1.13.tgz 476ms (cache miss)
546 http fetch GET 200 https://cdn.npmmirror.com/packages/postcss/8.5.6/postcss-8.5.6.tgz 491ms (cache miss)
547 http fetch GET 200 https://cdn.npmmirror.com/packages/magic-string/0.30.19/magic-string-0.30.19.tgz 496ms (cache miss)
548 http fetch GET 200 https://cdn.npmmirror.com/packages/%40tailwindcss/oxide/4.1.13/oxide-4.1.13.tgz 498ms (cache miss)
549 http fetch GET 200 https://cdn.npmmirror.com/packages/%40alloc/quick-lru/5.2.0/quick-lru-5.2.0.tgz 504ms (cache miss)
550 http fetch GET 200 https://cdn.npmmirror.com/packages/lightningcss/1.30.1/lightningcss-1.30.1.tgz 509ms (cache miss)
551 http fetch GET 200 https://cdn.npmmirror.com/packages/source-map-js/1.2.1/source-map-js-1.2.1.tgz 564ms (cache miss)
552 http fetch GET 200 https://cdn.npmmirror.com/packages/%40types/react-dom/19.1.9/react-dom-19.1.9.tgz 584ms (cache miss)
553 http fetch GET 200 https://cdn.npmmirror.com/packages/%40tailwindcss/postcss/4.1.13/postcss-4.1.13.tgz 638ms (cache miss)
554 http fetch GET 200 https://cdn.npmmirror.com/packages/postcss/8.4.31/postcss-8.4.31.tgz 641ms (cache miss)
555 http fetch GET 200 https://cdn.npmmirror.com/packages/detect-libc/2.0.4/detect-libc-2.0.4.tgz 695ms (cache miss)
556 http fetch GET 200 https://cdn.npmmirror.com/packages/enhanced-resolve/5.18.3/enhanced-resolve-5.18.3.tgz 706ms (cache miss)
557 http fetch GET 200 https://cdn.npmmirror.com/packages/%40types/react/19.1.13/react-19.1.13.tgz 715ms (cache miss)
558 http fetch GET 200 https://cdn.npmmirror.com/packages/jiti/2.5.1/jiti-2.5.1.tgz 755ms (cache miss)
559 http fetch GET 200 https://cdn.npmmirror.com/packages/react/19.1.0/react-19.1.0.tgz 763ms (cache miss)
560 http fetch GET 200 https://cdn.npmmirror.com/packages/%40types/node/20.19.14/node-20.19.14.tgz 775ms (cache miss)
561 http fetch GET 200 https://cdn.npmmirror.com/packages/tailwindcss/4.1.13/tailwindcss-4.1.13.tgz 922ms (cache miss)
562 http fetch GET 200 https://cdn.npmmirror.com/packages/react-dom/19.1.0/react-dom-19.1.0.tgz 1250ms (cache miss)
563 http fetch GET 200 https://cdn.npmmirror.com/packages/lightningcss-darwin-x64/1.30.1/lightningcss-darwin-x64-1.30.1.tgz 1291ms (cache miss)
564 http fetch GET 200 https://cdn.npmmirror.com/packages/%40tailwindcss/oxide-darwin-x64/4.1.13/oxide-darwin-x64-4.1.13.tgz 1781ms (cache miss)
565 http fetch GET 200 https://cdn.npmmirror.com/packages/%40img/sharp-libvips-darwin-x64/1.2.0/sharp-libvips-darwin-x64-1.2.0.tgz 2797ms (cache miss)
566 http fetch GET 200 https://cdn.npmmirror.com/packages/typescript/5.9.2/typescript-5.9.2.tgz 3232ms (cache miss)
567 http fetch GET 200 https://cdn.npmmirror.com/packages/next/15.5.3/next-15.5.3.tgz 8211ms (cache miss)
568 http fetch GET 200 https://cdn.npmmirror.com/packages/%40next/swc-darwin-x64/15.5.3/swc-darwin-x64-15.5.3.tgz 8468ms (cache miss)
569 info run sharp@0.34.3 install node_modules/sharp node install/check.js
570 info run sharp@0.34.3 install { code: 0, signal: null }
571 info run @tailwindcss/oxide@4.1.13 postinstall node_modules/@tailwindcss/oxide node ./scripts/install.js
572 info run @tailwindcss/oxide@4.1.13 postinstall { code: 0, signal: null }
573 silly ADD node_modules/yallist
574 silly ADD node_modules/mkdirp
575 silly ADD node_modules/minizlib
576 silly ADD node_modules/minipass
577 silly ADD node_modules/chownr
578 silly ADD node_modules/@isaacs/fs-minipass
579 silly ADD node_modules/client-only
580 silly ADD node_modules/is-arrayish
581 silly ADD node_modules/simple-swizzle
582 silly ADD node_modules/color-name
583 silly ADD node_modules/color-string
584 silly ADD node_modules/color-convert
585 silly ADD node_modules/@emnapi/runtime
586 silly ADD node_modules/semver
587 silly ADD node_modules/color
588 silly ADD
589 silly ADD
590 silly ADD
591 silly ADD
592 silly ADD
593 silly ADD
594 silly ADD
595 silly ADD
596 silly ADD
597 silly ADD
598 silly ADD
599 silly ADD
600 silly ADD
601 silly ADD
602 silly ADD
603 silly ADD
604 silly ADD
605 silly ADD
606 silly ADD node_modules/@img/sharp-libvips-darwin-x64
607 silly ADD
608 silly ADD node_modules/@img/sharp-darwin-x64
609 silly ADD
610 silly ADD node_modules/scheduler
611 silly ADD node_modules/picocolors
612 silly ADD node_modules/nanoid
613 silly ADD node_modules/tslib
614 silly ADD node_modules/styled-jsx
615 silly ADD node_modules/sharp
616 silly ADD node_modules/caniuse-lite
617 silly ADD node_modules/@swc/helpers
618 silly ADD
619 silly ADD
620 silly ADD
621 silly ADD
622 silly ADD
623 silly ADD
624 silly ADD node_modules/@next/swc-darwin-x64
625 silly ADD
626 silly ADD node_modules/@next/env
627 silly ADD
628 silly ADD
629 silly ADD
630 silly ADD
631 silly ADD
632 silly ADD
633 silly ADD
634 silly ADD
635 silly ADD node_modules/lightningcss-darwin-x64
636 silly ADD
637 silly ADD node_modules/tapable
638 silly ADD node_modules/graceful-fs
639 silly ADD node_modules/csstype
640 silly ADD node_modules/undici-types
641 silly ADD node_modules/tar
642 silly ADD node_modules/detect-libc
643 silly ADD
644 silly ADD
645 silly ADD
646 silly ADD
647 silly ADD
648 silly ADD
649 silly ADD
650 silly ADD
651 silly ADD
652 silly ADD node_modules/@tailwindcss/oxide-darwin-x64
653 silly ADD
654 silly ADD
655 silly ADD node_modules/@jridgewell/resolve-uri
656 silly ADD node_modules/@jridgewell/sourcemap-codec
657 silly ADD node_modules/@jridgewell/trace-mapping
658 silly ADD node_modules/@jridgewell/gen-mapping
659 silly ADD node_modules/source-map-js
660 silly ADD node_modules/magic-string
661 silly ADD node_modules/lightningcss
662 silly ADD node_modules/jiti
663 silly ADD node_modules/enhanced-resolve
664 silly ADD node_modules/@jridgewell/remapping
665 silly ADD node_modules/postcss
666 silly ADD node_modules/@tailwindcss/oxide
667 silly ADD node_modules/@tailwindcss/node
668 silly ADD node_modules/@alloc/quick-lru
669 silly ADD node_modules/typescript
670 silly ADD node_modules/tailwindcss
671 silly ADD node_modules/react-dom
672 silly ADD node_modules/react
673 silly ADD node_modules/next
674 silly ADD node_modules/next/node_modules/postcss
675 silly ADD node_modules/@types/react-dom
676 silly ADD node_modules/@types/react
677 silly ADD node_modules/@types/node
678 silly ADD node_modules/@tailwindcss/postcss
679 verbose exit 0
680 info ok
